This is pdfTeX, Version 3.14159265-2.6-1.40.18 (TeX Live 2017/W32TeX) (preloaded format=pdflatex 2017.9.25)  25 SEP 2017 16:45
entering extended mode
 restricted \write18 enabled.
 file:line:error style messages enabled.
 %&-line parsing enabled.
**c:/Users/congx/Desktop/comm.tex
(c:/Users/congx/Desktop/comm.tex
LaTeX2e <2017-04-15>
Babel <3.13> and hyphenation patterns for 84 language(s) loaded.
(f:/texlive/2017/texmf-dist/tex/latex/base/article.cls
Document Class: article 2014/09/29 v1.4h Standard LaTeX document class
(f:/texlive/2017/texmf-dist/tex/latex/base/size11.clo
File: size11.clo 2014/09/29 v1.4h Standard LaTeX file (size option)
)
\c@part=\count79
\c@section=\count80
\c@subsection=\count81
\c@subsubsection=\count82
\c@paragraph=\count83
\c@subparagraph=\count84
\c@figure=\count85
\c@table=\count86
\abovecaptionskip=\skip41
\belowcaptionskip=\skip42
\bibindent=\dimen102
)
(f:/texlive/2017/texmf-dist/tex/latex/graphics/graphicx.sty
Package: graphicx 2017/06/01 v1.1a Enhanced LaTeX Graphics (DPC,SPQR)

(f:/texlive/2017/texmf-dist/tex/latex/graphics/keyval.sty
Package: keyval 2014/10/28 v1.15 key=value parser (DPC)
\KV@toks@=\toks14
)
(f:/texlive/2017/texmf-dist/tex/latex/graphics/graphics.sty
Package: graphics 2017/06/25 v1.2c Standard LaTeX Graphics (DPC,SPQR)

(f:/texlive/2017/texmf-dist/tex/latex/graphics/trig.sty
Package: trig 2016/01/03 v1.10 sin cos tan (DPC)
)
(f:/texlive/2017/texmf-dist/tex/latex/graphics-cfg/graphics.cfg
File: graphics.cfg 2016/06/04 v1.11 sample graphics configuration
)
Package graphics Info: Driver file: pdftex.def on input line 99.

(f:/texlive/2017/texmf-dist/tex/latex/graphics-def/pdftex.def
File: pdftex.def 2017/06/24 v1.0g Graphics/color driver for pdftex
))
\Gin@req@height=\dimen103
\Gin@req@width=\dimen104
)
(f:/texlive/2017/texmf-dist/tex/latex/amsfonts/amssymb.sty
Package: amssymb 2013/01/14 v3.01 AMS font symbols

(f:/texlive/2017/texmf-dist/tex/latex/amsfonts/amsfonts.sty
Package: amsfonts 2013/01/14 v3.01 Basic AMSFonts support
\@emptytoks=\toks15
\symAMSa=\mathgroup4
\symAMSb=\mathgroup5
LaTeX Font Info:    Overwriting math alphabet `\mathfrak' in version `bold'
(Font)                  U/euf/m/n --> U/euf/b/n on input line 106.
))
(f:/texlive/2017/texmf-dist/tex/latex/psnfss/times.sty
Package: times 2005/04/12 PSNFSS-v9.2a (SPQR) 
)
(f:/texlive/2017/texmf-dist/tex/latex/graphics/color.sty
Package: color 2016/07/10 v1.1e Standard LaTeX Color (DPC)

(f:/texlive/2017/texmf-dist/tex/latex/graphics-cfg/color.cfg
File: color.cfg 2016/01/02 v1.6 sample color configuration
)
Package color Info: Driver file: pdftex.def on input line 147.
)
(f:/texlive/2017/texmf-dist/tex/generic/ulem/ulem.sty
\UL@box=\box26
\UL@hyphenbox=\box27
\UL@skip=\skip43
\UL@hook=\toks16
\UL@height=\dimen105
\UL@pe=\count87
\UL@pixel=\dimen106
\ULC@box=\box28
Package: ulem 2012/05/18
\ULdepth=\dimen107
) (./comm.aux)
\openout1 = `comm.aux'.

LaTeX Font Info:    Checking defaults for OML/cmm/m/it on input line 23.
LaTeX Font Info:    ... okay on input line 23.
LaTeX Font Info:    Checking defaults for T1/cmr/m/n on input line 23.
LaTeX Font Info:    ... okay on input line 23.
LaTeX Font Info:    Checking defaults for OT1/cmr/m/n on input line 23.
LaTeX Font Info:    ... okay on input line 23.
LaTeX Font Info:    Checking defaults for OMS/cmsy/m/n on input line 23.
LaTeX Font Info:    ... okay on input line 23.
LaTeX Font Info:    Checking defaults for OMX/cmex/m/n on input line 23.
LaTeX Font Info:    ... okay on input line 23.
LaTeX Font Info:    Checking defaults for U/cmr/m/n on input line 23.
LaTeX Font Info:    ... okay on input line 23.
LaTeX Font Info:    Try loading font information for OT1+ptm on input line 23.

(f:/texlive/2017/texmf-dist/tex/latex/psnfss/ot1ptm.fd
File: ot1ptm.fd 2001/06/04 font definitions for OT1/ptm.
)
(f:/texlive/2017/texmf-dist/tex/context/base/mkii/supp-pdf.mkii
[Loading MPS to PDF converter (version 2006.09.02).]
\scratchcounter=\count88
\scratchdimen=\dimen108
\scratchbox=\box29
\nofMPsegments=\count89
\nofMParguments=\count90
\everyMPshowfont=\toks17
\MPscratchCnt=\count91
\MPscratchDim=\dimen109
\MPnumerator=\count92
\makeMPintoPDFobject=\count93
\everyMPtoPDFconversion=\toks18
) (f:/texlive/2017/texmf-dist/tex/latex/oberdiek/epstopdf-base.sty
Package: epstopdf-base 2016/05/15 v2.6 Base part for package epstopdf

(f:/texlive/2017/texmf-dist/tex/generic/oberdiek/infwarerr.sty
Package: infwarerr 2016/05/16 v1.4 Providing info/warning/error messages (HO)
)
(f:/texlive/2017/texmf-dist/tex/latex/oberdiek/grfext.sty
Package: grfext 2016/05/16 v1.2 Manage graphics extensions (HO)

(f:/texlive/2017/texmf-dist/tex/generic/oberdiek/kvdefinekeys.sty
Package: kvdefinekeys 2016/05/16 v1.4 Define keys (HO)

(f:/texlive/2017/texmf-dist/tex/generic/oberdiek/ltxcmds.sty
Package: ltxcmds 2016/05/16 v1.23 LaTeX kernel commands for general use (HO)
)))
(f:/texlive/2017/texmf-dist/tex/latex/oberdiek/kvoptions.sty
Package: kvoptions 2016/05/16 v3.12 Key value format for package options (HO)

(f:/texlive/2017/texmf-dist/tex/generic/oberdiek/kvsetkeys.sty
Package: kvsetkeys 2016/05/16 v1.17 Key value parser (HO)

(f:/texlive/2017/texmf-dist/tex/generic/oberdiek/etexcmds.sty
Package: etexcmds 2016/05/16 v1.6 Avoid name clashes with e-TeX commands (HO)

(f:/texlive/2017/texmf-dist/tex/generic/oberdiek/ifluatex.sty
Package: ifluatex 2016/05/16 v1.4 Provides the ifluatex switch (HO)
Package ifluatex Info: LuaTeX not detected.
)
Package etexcmds Info: Could not find \expanded.
(etexcmds)             That can mean that you are not using pdfTeX 1.50 or
(etexcmds)             that some package has redefined \expanded.
(etexcmds)             In the latter case, load this package earlier.
)))
(f:/texlive/2017/texmf-dist/tex/generic/oberdiek/pdftexcmds.sty
Package: pdftexcmds 2017/03/19 v0.25 Utility functions of pdfTeX for LuaTeX (HO
)

(f:/texlive/2017/texmf-dist/tex/generic/oberdiek/ifpdf.sty
Package: ifpdf 2017/03/15 v3.2 Provides the ifpdf switch
)
Package pdftexcmds Info: LuaTeX not detected.
Package pdftexcmds Info: \pdf@primitive is available.
Package pdftexcmds Info: \pdf@ifprimitive is available.
Package pdftexcmds Info: \pdfdraftmode found.
)
Package epstopdf-base Info: Redefining graphics rule for `.eps' on input line 4
38.
Package grfext Info: Graphics extension search list:
(grfext)             [.pdf,.png,.jpg,.mps,.jpeg,.jbig2,.jb2,.PDF,.PNG,.JPG,.JPE
G,.JBIG2,.JB2,.eps]
(grfext)             \AppendGraphicsExtensions on input line 456.

(f:/texlive/2017/texmf-dist/tex/latex/latexconfig/epstopdf-sys.cfg
File: epstopdf-sys.cfg 2010/07/13 v1.3 Configuration of (r)epstopdf for TeX Liv
e
))
LaTeX Font Info:    Font shape `OT1/ptm/bx/n' in size <14.4> not available
(Font)              Font shape `OT1/ptm/b/n' tried instead on input line 64.
LaTeX Font Info:    Try loading font information for U+msa on input line 72.

(f:/texlive/2017/texmf-dist/tex/latex/amsfonts/umsa.fd
File: umsa.fd 2013/01/14 v3.01 AMS symbols A
)
LaTeX Font Info:    Try loading font information for U+msb on input line 72.

(f:/texlive/2017/texmf-dist/tex/latex/amsfonts/umsb.fd
File: umsb.fd 2013/01/14 v3.01 AMS symbols B
)
LaTeX Font Info:    Font shape `OT1/ptm/bx/n' in size <10.95> not available
(Font)              Font shape `OT1/ptm/b/n' tried instead on input line 134.
LaTeX Font Info:    Font shape `OT1/ptm/bx/it' in size <10.95> not available
(Font)              Font shape `OT1/ptm/b/it' tried instead on input line 134.
Package epstopdf Info: Source file: <vegso/commun_szeml_ov.eps>
(epstopdf)                    date: 2005-06-14 21:32:30
(epstopdf)                    size: 118941 bytes
(epstopdf)             Output file: <vegso/commun_szeml_ov-eps-converted-to.pdf
>
(epstopdf)                    date: 2017-09-25 16:45:18
(epstopdf)                    size: 67898 bytes
(epstopdf)             Command: <repstopdf --outfile=vegso/commun_szeml_ov-eps-
converted-to.pdf vegso/commun_szeml_ov.eps>
(epstopdf)             \includegraphics on input line 181.
Package epstopdf Info: Output file is already uptodate.
<vegso/commun_szeml_ov-eps-converted-to.pdf, id=1, pagebox=cropbox, 1125.20375p
t x 1354.05875pt>
File: vegso/commun_szeml_ov-eps-converted-to.pdf Graphic file (type pdf)
<use vegso/commun_szeml_ov-eps-converted-to.pdf>
Package pdftex.def Info: vegso/commun_szeml_ov-eps-converted-to.pdf  used on in
put line 181. on input line 181.
Package pdftex.def Info: Requested size: 227.62204pt x 273.90614pt on input lin
e 181.
 [1
color push 0 g 0 G
color pop

color push 0 g 0 G
color pop
{f:/texlive/2017/texmf-var/fonts/map/pdftex/updmap/pdftex.map}
color push 0 g 0 G
color pop
color push 0 g 0 G
color pop
] [2
color push 0 g 0 G
color pop
color push 0 g 0 G
color pop
color push 0 g 0 G
color pop
 <./vegso/commun_szeml_ov-eps-converted-to.pdf>]
Package epstopdf Info: Source file: <vegso/glay_feliratos_alt.eps>
(epstopdf)                    date: 2005-06-14 21:33:51
(epstopdf)                    size: 864544 bytes
(epstopdf)             Output file: <vegso/glay_feliratos_alt-eps-converted-to.
pdf>
(epstopdf)                    date: 2017-09-25 16:45:21
(epstopdf)                    size: 427966 bytes
(epstopdf)             Command: <repstopdf --outfile=vegso/glay_feliratos_alt-e
ps-converted-to.pdf vegso/glay_feliratos_alt.eps>
(epstopdf)             \includegraphics on input line 303.
Package epstopdf Info: Output file is already uptodate.
<vegso/glay_feliratos_alt-eps-converted-to.pdf, id=28, pagebox=cropbox, 614.295
pt x 499.8675pt>
File: vegso/glay_feliratos_alt-eps-converted-to.pdf Graphic file (type pdf)
<use vegso/glay_feliratos_alt-eps-converted-to.pdf>
Package pdftex.def Info: vegso/glay_feliratos_alt-eps-converted-to.pdf  used on
 input line 303. on input line 303.
Package pdftex.def Info: Requested size: 455.24408pt x 370.44533pt on input lin
e 303.
 [3
color push 0 g 0 G
color pop
color push 1 0 0 rg 1 0 0 RG
color pop
color push 1 0 0 rg 1 0 0 RG
color pop
color push 1 0 0 rg 1 0 0 RG
color pop
color push 1 0 0 rg 1 0 0 RG
color pop
color push 1 0 0 rg 1 0 0 RG
color push 0 g 0 G
color pop
] [4
color push 0 g 0 G
color pop
color push 0 g 0 G
color pop
color pop
color push 0 g 0 G
color pop
 <./vegso/glay_feliratos_alt-eps-converted-to.pdf>]
Package epstopdf Info: Source file: <vegso/dip_abra.eps>
(epstopdf)                    date: 2005-06-14 21:32:31
(epstopdf)                    size: 489288 bytes
(epstopdf)             Output file: <vegso/dip_abra-eps-converted-to.pdf>
(epstopdf)                    date: 2017-09-25 16:45:23
(epstopdf)                    size: 115130 bytes
(epstopdf)             Command: <repstopdf --outfile=vegso/dip_abra-eps-convert
ed-to.pdf vegso/dip_abra.eps>
(epstopdf)             \includegraphics on input line 492.
Package epstopdf Info: Output file is already uptodate.
<vegso/dip_abra-eps-converted-to.pdf, id=39, pagebox=cropbox, 409.53pt x 717.68
124pt>
File: vegso/dip_abra-eps-converted-to.pdf Graphic file (type pdf)
<use vegso/dip_abra-eps-converted-to.pdf>
Package pdftex.def Info: vegso/dip_abra-eps-converted-to.pdf  used on input lin
e 492. on input line 492.
Package pdftex.def Info: Requested size: 227.62204pt x 398.90915pt on input lin
e 492.
Package epstopdf Info: Source file: <vegso/statik_lapit.eps>
(epstopdf)                    date: 2005-06-14 21:32:30
(epstopdf)                    size: 79273 bytes
(epstopdf)             Output file: <vegso/statik_lapit-eps-converted-to.pdf>
(epstopdf)                    date: 2017-09-25 16:45:24
(epstopdf)                    size: 25844 bytes
(epstopdf)             Command: <repstopdf --outfile=vegso/statik_lapit-eps-con
verted-to.pdf vegso/statik_lapit.eps>
(epstopdf)             \includegraphics on input line 520.
Package epstopdf Info: Output file is already uptodate.
<vegso/statik_lapit-eps-converted-to.pdf, id=40, pagebox=cropbox, 596.2275pt x 
898.35625pt>
File: vegso/statik_lapit-eps-converted-to.pdf Graphic file (type pdf)
<use vegso/statik_lapit-eps-converted-to.pdf>
Package pdftex.def Info: vegso/statik_lapit-eps-converted-to.pdf  used on input
 line 520. on input line 520.
Package pdftex.def Info: Requested size: 227.62204pt x 342.96902pt on input lin
e 520.

[5
color push 0 g 0 G
color pop
color push 0 g 0 G
color pop
] [6
color push 0 g 0 G
color pop
color push 0 g 0 G
color pop
color push 0 g 0 G
color pop
 <./vegso/dip_abra-eps-converted-to.pdf>] [7
color push 0 g 0 G
color pop
color push 0 g 0 G
color pop
color push 1 0 0 rg 1 0 0 RG
color pop
color push 0 g 0 G
color pop
 <./vegso/statik_lapit-eps-converted-to.pdf>] [8
color push 0 g 0 G
color pop
color push 0 g 0 G
color pop
color push 1 0 0 rg 1 0 0 RG
color pop
color push 0 g 0 G
color pop
color push 0 g 0 G
color pop
color push 0 g 0 G
color pop
color push 0 g 0 G
color pop
color push 0 g 0 G
color pop
color push 0 g 0 G
color pop
color push 0 g 0 G
color pop
color push 0 g 0 G
color pop
]
LaTeX Font Info:    Try loading font information for OT1+pcr on input line 871.

 (f:/texlive/2017/texmf-dist/tex/latex/psnfss/ot1pcr.fd
File: ot1pcr.fd 2001/06/04 font definitions for OT1/pcr.
)
[9
color push 0 g 0 G
color pop
color push 0 g 0 G
color pop
color push 0 g 0 G
color pop
color push 0 g 0 G
color pop
color push 0 g 0 G
color pop
color push 0 g 0 G
color pop
color push 0 g 0 G
color pop
color push 0 g 0 G
color pop
color push 0 g 0 G
color pop
color push 0 g 0 G
color pop
color push 0 g 0 G
color pop
color push 0 g 0 G
color pop
color push 0 g 0 G
color pop
color push 0 g 0 G
color pop
color push 0 g 0 G
color pop
color push 0 g 0 G
color pop
color push 0 g 0 G
color pop
color push 0 g 0 G
color pop
color push 0 g 0 G
color pop
color push 0 g 0 G
color pop
color push 0 g 0 G
color pop
color push 0 g 0 G
color pop
color push 0 g 0 G
color pop
color push 0 g 0 G
color pop
color push 0 g 0 G
color pop
] [10
color push 0 g 0 G
color pop
color push 0 g 0 G
color pop
] (./comm.aux) ) 
Here is how much of TeX's memory you used:
 2043 strings out of 492990
 28016 string characters out of 6136334
 85388 words of memory out of 5000000
 5545 multiletter control sequences out of 15000+600000
 20696 words of font info for 54 fonts, out of 8000000 for 9000
 1141 hyphenation exceptions out of 8191
 41i,11n,26p,1122b,226s stack positions out of 5000i,500n,10000p,200000b,80000s
{f:/texlive/2017/texmf-dist/fonts/enc/dvips/base/8r.enc}<f:/tex
live/2017/texmf-dist/fonts/type1/public/amsfonts/cm/cmmi10.pfb><f:/texlive/2017
/texmf-dist/fonts/type1/public/amsfonts/cm/cmmi8.pfb><f:/texlive/2017/texmf-dis
t/fonts/type1/public/amsfonts/cm/cmr10.pfb><f:/texlive/2017/texmf-dist/fonts/ty
pe1/public/amsfonts/cm/cmr8.pfb><f:/texlive/2017/texmf-dist/fonts/type1/public/
amsfonts/cm/cmsy10.pfb><f:/texlive/2017/texmf-dist/fonts/type1/public/amsfonts/
cm/cmsy8.pfb><f:/texlive/2017/texmf-dist/fonts/type1/urw/courier/ucrr8a.pfb><f:
/texlive/2017/texmf-dist/fonts/type1/urw/times/utmb8a.pfb><f:/texlive/2017/texm
f-dist/fonts/type1/urw/times/utmbi8a.pfb><f:/texlive/2017/texmf-dist/fonts/type
1/urw/times/utmr8a.pfb><f:/texlive/2017/texmf-dist/fonts/type1/urw/times/utmri8
a.pfb>
Output written on comm.pdf (10 pages, 774821 bytes).
PDF statistics:
 113 PDF objects out of 1000 (max. 8388607)
 79 compressed objects within 1 object stream
 0 named destinations out of 1000 (max. 500000)
 21 words of extra memory for PDF output out of 10000 (max. 10000000)

